Build started 6/30/2014 11:42:54 PM.
     1>Project "F:\Projects\School\Vision-team17\Week 1 - 2\Week 1 - 2.vcxproj" on node 2 (Rebuild target(s)).
     1>ClCompile:
         C:\Program Files (x86)\Microsoft Visual Studio 11.0\VC\bin\CL.exe /c /I".\timer files" /I.\include /I"..\Vision-team17\include" /ZI /nologo /W3 /WX- /Od /Oy- /D WIN32 /D _DEBUG /D _CONSOLE /D _UNICODE /D UNICODE /Gm /EHsc /RTC1 /MDd /GS /fp:precise /Zc:wchar_t /Zc:forScope /Fo"Debug\\" /Fd"Debug\vc110.pdb" /Gd /TP /analyze- /errorReport:prompt src\Filter.cpp src\Histogram.cpp src\Main.cpp "timer files\basetimer.cpp" "timer files\exectimer.cpp"
         exectimer.cpp
         basetimer.cpp
         Main.cpp
         Histogram.cpp
     1>f:\projects\school\vision-team17\week 1 - 2\src\histogram.cpp(41): warning C4244: '=' : conversion from 'float' to 'int', possible loss of data
     1>f:\projects\school\vision-team17\week 1 - 2\src\histogram.cpp(45): warning C4244: '=' : conversion from 'float' to 'int', possible loss of data
         Filter.cpp
         Generating Code...
       Link:
         C:\Program Files (x86)\Microsoft Visual Studio 11.0\VC\bin\link.exe /ERRORREPORT:PROMPT /OUT:"F:\Projects\School\Vision-team17\Debug\Week 1 - 2.exe" /INCREMENTAL /NOLOGO /LIBPATH:"..\Vision-team17\lib" "Vision-team17.lib" /MANIFEST /MANIFESTUAC:"level='asInvoker' uiAccess='false'" /manifest:embed /DEBUG /PDB:"F:\Projects\School\Vision-team17\Debug\Week 1 - 2.pdb" /SUBSYSTEM:CONSOLE /TLBID:1 /DYNAMICBASE /NXCOMPAT /IMPLIB:"F:\Projects\School\Vision-team17\Debug\Week 1 - 2.lib" /MACHINE:X86 Debug\Filter.obj
         Debug\Histogram.obj
         Debug\Main.obj
         Debug\basetimer.obj
         Debug\exectimer.obj
         Week 1 - 2.vcxproj -> F:\Projects\School\Vision-team17\Debug\Week 1 - 2.exe
     1>Done Building Project "F:\Projects\School\Vision-team17\Week 1 - 2\Week 1 - 2.vcxproj" (Rebuild target(s)).

Build succeeded.

Time Elapsed 00:00:06.18
