F:\PROJECTS\SCHOOL\VISION-TEAM17\WEEK 1 - 2\DEBUG\FILTER.OBJ
F:\PROJECTS\SCHOOL\VISION-TEAM17\WEEK 1 - 2\DEBUG\HISTOGRAM.OBJ
F:\PROJECTS\SCHOOL\VISION-TEAM17\WEEK 1 - 2\DEBUG\MAIN.OBJ
F:\PROJECTS\SCHOOL\VISION-TEAM17\WEEK 1 - 2\DEBUG\BASETIMER.OBJ
F:\PROJECTS\SCHOOL\VISION-TEAM17\WEEK 1 - 2\DEBUG\EXECTIMER.OBJ
F:\PROJECTS\SCHOOL\VISION-TEAM17\WEEK 1 - 2\DEBUG\VC110.PDB
F:\PROJECTS\SCHOOL\VISION-TEAM17\DEBUG\WEEK 1 - 2.ILK
F:\PROJECTS\SCHOOL\VISION-TEAM17\DEBUG\WEEK 1 - 2.EXE
F:\PROJECTS\SCHOOL\VISION-TEAM17\DEBUG\WEEK 1 - 2.PDB
F:\Projects\School\Vision-team17\Week 1 - 2\Debug\basetimer.obj
F:\Projects\School\Vision-team17\Week 1 - 2\Debug\exectimer.obj
F:\Projects\School\Vision-team17\Week 1 - 2\Debug\Filter.obj
F:\Projects\School\Vision-team17\Week 1 - 2\Debug\Histogram.obj
F:\Projects\School\Vision-team17\Week 1 - 2\Debug\Main.obj
F:\Projects\School\Vision-team17\Week 1 - 2\Debug\cl.command.1.tlog
F:\Projects\School\Vision-team17\Week 1 - 2\Debug\CL.read.1.tlog
F:\Projects\School\Vision-team17\Week 1 - 2\Debug\CL.write.1.tlog
F:\Projects\School\Vision-team17\Week 1 - 2\Debug\link-cvtres.read.1.tlog
F:\Projects\School\Vision-team17\Week 1 - 2\Debug\link-cvtres.write.1.tlog
F:\Projects\School\Vision-team17\Week 1 - 2\Debug\link-rc.read.1.tlog
F:\Projects\School\Vision-team17\Week 1 - 2\Debug\link-rc.write.1.tlog
F:\Projects\School\Vision-team17\Week 1 - 2\Debug\link.command.1.tlog
F:\Projects\School\Vision-team17\Week 1 - 2\Debug\link.read.1.tlog
F:\Projects\School\Vision-team17\Week 1 - 2\Debug\link.write.1.tlog
F:\Projects\School\Vision-team17\Week 1 - 2\Debug\vc110.idb
F:\Projects\School\Vision-team17\Week 1 - 2\Debug\vc110.pdb
F:\Projects\School\Vision-team17\Debug\Week 1 - 2.pdb
F:\Projects\School\Vision-team17\Debug\Week 1 - 2.exe
F:\Projects\School\Vision-team17\Debug\Week 1 - 2.ilk
