F:\PROJECTS\SCHOOL\VISION-TEAM17\WEEK 3 - 4\DEBUG\KMEANS.OBJ
F:\PROJECTS\SCHOOL\VISION-TEAM17\WEEK 3 - 4\DEBUG\MAIN.OBJ
F:\PROJECTS\SCHOOL\VISION-TEAM17\WEEK 3 - 4\DEBUG\TRESHOLD.OBJ
F:\PROJECTS\SCHOOL\VISION-TEAM17\WEEK 3 - 4\DEBUG\BASETIMER.OBJ
F:\PROJECTS\SCHOOL\VISION-TEAM17\WEEK 3 - 4\DEBUG\EXECTIMER.OBJ
F:\PROJECTS\SCHOOL\VISION-TEAM17\WEEK 3 - 4\DEBUG\VC110.PDB
F:\PROJECTS\SCHOOL\VISION-TEAM17\DEBUG\WEEK 3 - 4.ILK
F:\PROJECTS\SCHOOL\VISION-TEAM17\DEBUG\WEEK 3 - 4.EXE
F:\PROJECTS\SCHOOL\VISION-TEAM17\DEBUG\WEEK 3 - 4.PDB
F:\Projects\School\Vision-team17\Week 3 - 4\Debug\basetimer.obj
F:\Projects\School\Vision-team17\Week 3 - 4\Debug\exectimer.obj
F:\Projects\School\Vision-team17\Week 3 - 4\Debug\Kmeans.obj
F:\Projects\School\Vision-team17\Week 3 - 4\Debug\Main.obj
F:\Projects\School\Vision-team17\Week 3 - 4\Debug\Treshold.obj
F:\Projects\School\Vision-team17\Week 3 - 4\Debug\cl.command.1.tlog
F:\Projects\School\Vision-team17\Week 3 - 4\Debug\CL.read.1.tlog
F:\Projects\School\Vision-team17\Week 3 - 4\Debug\CL.write.1.tlog
F:\Projects\School\Vision-team17\Week 3 - 4\Debug\link-cvtres.read.1.tlog
F:\Projects\School\Vision-team17\Week 3 - 4\Debug\link-cvtres.write.1.tlog
F:\Projects\School\Vision-team17\Week 3 - 4\Debug\link-rc.read.1.tlog
F:\Projects\School\Vision-team17\Week 3 - 4\Debug\link-rc.write.1.tlog
F:\Projects\School\Vision-team17\Week 3 - 4\Debug\link.command.1.tlog
F:\Projects\School\Vision-team17\Week 3 - 4\Debug\link.read.1.tlog
F:\Projects\School\Vision-team17\Week 3 - 4\Debug\link.write.1.tlog
F:\Projects\School\Vision-team17\Week 3 - 4\Debug\vc110.idb
F:\Projects\School\Vision-team17\Week 3 - 4\Debug\vc110.pdb
F:\Projects\School\Vision-team17\Debug\Week 3 - 4.pdb
F:\Projects\School\Vision-team17\Debug\Week 3 - 4.exe
F:\Projects\School\Vision-team17\Debug\Week 3 - 4.ilk
