F:\PROJECTS\SCHOOL\VISION-TEAM17\WEEK 5 - 6\DEBUG\AFFINETRANSFORM.OBJ
F:\PROJECTS\SCHOOL\VISION-TEAM17\WEEK 5 - 6\DEBUG\MAIN.OBJ
F:\PROJECTS\SCHOOL\VISION-TEAM17\WEEK 5 - 6\DEBUG\TRANSFORMATIONMATRIX.OBJ
F:\PROJECTS\SCHOOL\VISION-TEAM17\WEEK 5 - 6\DEBUG\BASETIMER.OBJ
F:\PROJECTS\SCHOOL\VISION-TEAM17\WEEK 5 - 6\DEBUG\EXECTIMER.OBJ
F:\PROJECTS\SCHOOL\VISION-TEAM17\WEEK 5 - 6\DEBUG\VC110.PDB
F:\PROJECTS\SCHOOL\VISION-TEAM17\DEBUG\WEEK 5 - 6.ILK
F:\PROJECTS\SCHOOL\VISION-TEAM17\DEBUG\WEEK 5 - 6.EXE
F:\PROJECTS\SCHOOL\VISION-TEAM17\DEBUG\WEEK 5 - 6.PDB
F:\Projects\School\Vision-team17\Week 5 - 6\Debug\AffineTransform.obj
F:\Projects\School\Vision-team17\Week 5 - 6\Debug\basetimer.obj
F:\Projects\School\Vision-team17\Week 5 - 6\Debug\exectimer.obj
F:\Projects\School\Vision-team17\Week 5 - 6\Debug\Main.obj
F:\Projects\School\Vision-team17\Week 5 - 6\Debug\TransformationMatrix.obj
F:\Projects\School\Vision-team17\Week 5 - 6\Debug\cl.command.1.tlog
F:\Projects\School\Vision-team17\Week 5 - 6\Debug\CL.read.1.tlog
F:\Projects\School\Vision-team17\Week 5 - 6\Debug\CL.write.1.tlog
F:\Projects\School\Vision-team17\Week 5 - 6\Debug\link-cvtres.read.1.tlog
F:\Projects\School\Vision-team17\Week 5 - 6\Debug\link-cvtres.write.1.tlog
F:\Projects\School\Vision-team17\Week 5 - 6\Debug\link-rc.read.1.tlog
F:\Projects\School\Vision-team17\Week 5 - 6\Debug\link-rc.write.1.tlog
F:\Projects\School\Vision-team17\Week 5 - 6\Debug\link.command.1.tlog
F:\Projects\School\Vision-team17\Week 5 - 6\Debug\link.read.1.tlog
F:\Projects\School\Vision-team17\Week 5 - 6\Debug\link.write.1.tlog
F:\Projects\School\Vision-team17\Week 5 - 6\Debug\vc110.idb
F:\Projects\School\Vision-team17\Week 5 - 6\Debug\vc110.pdb
F:\Projects\School\Vision-team17\Debug\Week 5 - 6.pdb
F:\Projects\School\Vision-team17\Debug\Week 5 - 6.exe
F:\Projects\School\Vision-team17\Debug\Week 5 - 6.ilk
