F:\PROJECTS\SCHOOL\VISION-TEAM17\TIMER\TIMER\DEBUG\BASETIMER.OBJ
F:\PROJECTS\SCHOOL\VISION-TEAM17\TIMER\TIMER\DEBUG\MAIN.OBJ
F:\PROJECTS\SCHOOL\VISION-TEAM17\TIMER\TIMER\DEBUG\EXECTIMER.OBJ
F:\PROJECTS\SCHOOL\VISION-TEAM17\TIMER\TIMER\DEBUG\VC110.PDB
F:\PROJECTS\SCHOOL\VISION-TEAM17\DEBUG\TIMER.ILK
F:\PROJECTS\SCHOOL\VISION-TEAM17\DEBUG\TIMER.EXE
F:\PROJECTS\SCHOOL\VISION-TEAM17\DEBUG\TIMER.PDB
F:\Projects\School\Vision-team17\Timer\Timer\Debug\basetimer.obj
F:\Projects\School\Vision-team17\Timer\Timer\Debug\exectimer.obj
F:\Projects\School\Vision-team17\Timer\Timer\Debug\main.obj
F:\Projects\School\Vision-team17\Timer\Timer\Debug\cl.command.1.tlog
F:\Projects\School\Vision-team17\Timer\Timer\Debug\CL.read.1.tlog
F:\Projects\School\Vision-team17\Timer\Timer\Debug\CL.write.1.tlog
F:\Projects\School\Vision-team17\Timer\Timer\Debug\link-cvtres.read.1.tlog
F:\Projects\School\Vision-team17\Timer\Timer\Debug\link-cvtres.write.1.tlog
F:\Projects\School\Vision-team17\Timer\Timer\Debug\link-rc.read.1.tlog
F:\Projects\School\Vision-team17\Timer\Timer\Debug\link-rc.write.1.tlog
F:\Projects\School\Vision-team17\Timer\Timer\Debug\link.command.1.tlog
F:\Projects\School\Vision-team17\Timer\Timer\Debug\link.read.1.tlog
F:\Projects\School\Vision-team17\Timer\Timer\Debug\link.write.1.tlog
F:\Projects\School\Vision-team17\Timer\Timer\Debug\vc110.idb
F:\Projects\School\Vision-team17\Timer\Timer\Debug\vc110.pdb
F:\Projects\School\Vision-team17\Debug\Timer.pdb
F:\Projects\School\Vision-team17\Debug\Timer.exe
F:\Projects\School\Vision-team17\Debug\Timer.ilk
